Detecting features
rm -f *.o *.lo *.slo *.obj *.a *.la conftest_foofn.c conftest_sys_file_h.c conftest_sys_mman_h.c conftest_sys_mutex_h.c conftest_sys_shm_h.c *.loT conftest_foofn conftest_sys_file_h conftest_sys_mman_h conftest_sys_mutex_h conftest_sys_shm_h
rm -rf .libs
/usr/lib64/apr-1/build/libtool --silent --mode=compile gcc -std=gnu99  -pthread  -O2 -g -pipe -Wall -Wp,-D_FORTIFY_SOURCE=2 -fexceptions -fstack-protector-strong --param=ssp-buffer-size=4 -grecord-gcc-switches -m64 -mtune=generic    -DLINUX -D_REENTRANT -D_GNU_SOURCE     -I/usr/include/httpd -I. -I/usr/include/apr-1 -fPIE -prefer-non-pic -static -c conftest_sys_file_h.c && touch conftest_sys_file_h.lo
rm -f *.o *.lo *.slo *.obj *.a *.la conftest_foofn.c conftest_sys_file_h.c conftest_sys_mman_h.c conftest_sys_mutex_h.c conftest_sys_shm_h.c *.loT conftest_foofn conftest_sys_file_h conftest_sys_mman_h conftest_sys_mutex_h conftest_sys_shm_h
rm -rf .libs
/usr/lib64/apr-1/build/libtool --silent --mode=compile gcc -std=gnu99  -pthread  -O2 -g -pipe -Wall -Wp,-D_FORTIFY_SOURCE=2 -fexceptions -fstack-protector-strong --param=ssp-buffer-size=4 -grecord-gcc-switches -m64 -mtune=generic    -DLINUX -D_REENTRANT -D_GNU_SOURCE     -I/usr/include/httpd -I. -I/usr/include/apr-1 -fPIE -prefer-non-pic -static -c conftest_sys_mman_h.c && touch conftest_sys_mman_h.lo
rm -f *.o *.lo *.slo *.obj *.a *.la conftest_foofn.c conftest_sys_file_h.c conftest_sys_mman_h.c conftest_sys_mutex_h.c conftest_sys_shm_h.c *.loT conftest_foofn conftest_sys_file_h conftest_sys_mman_h conftest_sys_mutex_h conftest_sys_shm_h
rm -rf .libs
/usr/lib64/apr-1/build/libtool --silent --mode=compile gcc -std=gnu99  -pthread  -O2 -g -pipe -Wall -Wp,-D_FORTIFY_SOURCE=2 -fexceptions -fstack-protector-strong --param=ssp-buffer-size=4 -grecord-gcc-switches -m64 -mtune=generic    -DLINUX -D_REENTRANT -D_GNU_SOURCE     -I/usr/include/httpd -I. -I/usr/include/apr-1 -fPIE -prefer-non-pic -static -c conftest_sys_mutex_h.c && touch conftest_sys_mutex_h.lo
conftest_sys_mutex_h.c:1:23: fatal error: sys/mutex.h: No such file or directory
 #include <sys/mutex.h>
                       ^
compilation terminated.
make: *** [conftest_sys_mutex_h.lo] Error 1
rm -f *.o *.lo *.slo *.obj *.a *.la conftest_foofn.c conftest_sys_file_h.c conftest_sys_mman_h.c conftest_sys_mutex_h.c conftest_sys_shm_h.c *.loT conftest_foofn conftest_sys_file_h conftest_sys_mman_h conftest_sys_mutex_h conftest_sys_shm_h
rm -rf .libs
/usr/lib64/apr-1/build/libtool --silent --mode=compile gcc -std=gnu99  -pthread  -O2 -g -pipe -Wall -Wp,-D_FORTIFY_SOURCE=2 -fexceptions -fstack-protector-strong --param=ssp-buffer-size=4 -grecord-gcc-switches -m64 -mtune=generic    -DLINUX -D_REENTRANT -D_GNU_SOURCE     -I/usr/include/httpd -I. -I/usr/include/apr-1 -fPIE -prefer-non-pic -static -c conftest_sys_shm_h.c && touch conftest_sys_shm_h.lo
rm -f *.o *.lo *.slo *.obj *.a *.la conftest_foofn.c conftest_sys_file_h.c conftest_sys_mman_h.c conftest_sys_mutex_h.c conftest_sys_shm_h.c *.loT conftest_foofn conftest_sys_file_h conftest_sys_mman_h conftest_sys_mutex_h conftest_sys_shm_h
rm -rf .libs
rm -f .deps Makefile 
